<?xml version="1.0" encoding="UTF-8"?>
<!-- Generated by org.testng.reporters.JUnitReportReporter -->
<testsuite hostname="VAIO" failures="0" tests="1" name="ecommerce.tests.userlogintest" time="50.556" errors="0" timestamp="2021-02-11T20:20:07 IST" skipped="0">
  <testcase classname="ecommerce.tests.userlogintest" name="verifylogin" time="50.556"/>
  <system-out/>
</testsuite> <!-- ecommerce.tests.userlogintest -->
