<?xml version="1.0" encoding="UTF-8"?>
<!-- Generated by org.testng.reporters.JUnitReportReporter -->
<testsuite hostname="VAIO" failures="0" tests="1" name="shopclues.tests.customerinvalidtest" time="6.138" errors="0" timestamp="2021-02-01T22:08:34 IST" skipped="0">
  <testcase classname="shopclues.tests.customerinvalidtest" name="checklogin" time="6.138"/>
  <system-out/>
</testsuite> <!-- shopclues.tests.customerinvalidtest -->
